  day09.c
  참고: 포함 파일: C:\Program Files (x86)\Windows Kits\10\Include\10.0.26100.0\ucrt\stdio.h
  참고: 포함 파일:  C:\Program Files (x86)\Windows Kits\10\Include\10.0.26100.0\ucrt\corecrt.h
  참고: 포함 파일:   C:\Program Files\Microsoft Visual Studio\2022\Community\VC\Tools\MSVC\14.44.35207\include\vcruntime.h
  참고: 포함 파일:    C:\Program Files\Microsoft Visual Studio\2022\Community\VC\Tools\MSVC\14.44.35207\include\sal.h
  참고: 포함 파일:     C:\Program Files\Microsoft Visual Studio\2022\Community\VC\Tools\MSVC\14.44.35207\include\concurrencysal.h
  참고: 포함 파일:    C:\Program Files\Microsoft Visual Studio\2022\Community\VC\Tools\MSVC\14.44.35207\include\vadefs.h
  참고: 포함 파일:  C:\Program Files (x86)\Windows Kits\10\Include\10.0.26100.0\ucrt\corecrt_wstdio.h
  참고: 포함 파일:   C:\Program Files (x86)\Windows Kits\10\Include\10.0.26100.0\ucrt\corecrt_stdio_config.h
  참고: 포함 파일: C:\Program Files (x86)\Windows Kits\10\Include\10.0.26100.0\ucrt\string.h
  참고: 포함 파일:  C:\Program Files (x86)\Windows Kits\10\Include\10.0.26100.0\ucrt\corecrt_memory.h
  참고: 포함 파일:   C:\Program Files (x86)\Windows Kits\10\Include\10.0.26100.0\ucrt\corecrt_memcpy_s.h
  참고: 포함 파일:    C:\Program Files (x86)\Windows Kits\10\Include\10.0.26100.0\ucrt\errno.h
  참고: 포함 파일:    C:\Program Files\Microsoft Visual Studio\2022\Community\VC\Tools\MSVC\14.44.35207\include\vcruntime_string.h
  참고: 포함 파일:  C:\Program Files (x86)\Windows Kits\10\Include\10.0.26100.0\ucrt\corecrt_wstring.h
  참고: 포함 파일: C:\Program Files (x86)\Windows Kits\10\Include\10.0.26100.0\ucrt\stdlib.h
  참고: 포함 파일:  C:\Program Files (x86)\Windows Kits\10\Include\10.0.26100.0\ucrt\corecrt_malloc.h
  참고: 포함 파일:  C:\Program Files (x86)\Windows Kits\10\Include\10.0.26100.0\ucrt\corecrt_search.h
  참고: 포함 파일:   C:\Program Files (x86)\Windows Kits\10\Include\10.0.26100.0\ucrt\stddef.h
  참고: 포함 파일:  C:\Program Files (x86)\Windows Kits\10\Include\10.0.26100.0\ucrt\corecrt_wstdlib.h
  참고: 포함 파일:  C:\Program Files\Microsoft Visual Studio\2022\Community\VC\Tools\MSVC\14.44.35207\include\limits.h
C:\Telechips4\C_Programming\Week01\day09.c(302,7): warning C4101: 'temp' :참조되지 않은 지역 변수입니다.
  Week01.vcxproj -> C:\Telechips4\C_Programming\Debug\Week01.exe
